mode: set
github.com/yakult1995/go-posgre-restapi/app/handler.go:14.72,24.60 5 0
github.com/yakult1995/go-posgre-restapi/app/handler.go:24.60,25.13 1 0
github.com/yakult1995/go-posgre-restapi/app/handler.go:30.77,33.94 2 0
github.com/yakult1995/go-posgre-restapi/app/handler.go:38.2,38.20 1 0
github.com/yakult1995/go-posgre-restapi/app/handler.go:47.2,48.16 2 0
github.com/yakult1995/go-posgre-restapi/app/handler.go:52.2,53.18 2 0
github.com/yakult1995/go-posgre-restapi/app/handler.go:60.2,60.37 1 0
github.com/yakult1995/go-posgre-restapi/app/handler.go:64.2,66.57 3 0
github.com/yakult1995/go-posgre-restapi/app/handler.go:33.94,34.13 1 0
github.com/yakult1995/go-posgre-restapi/app/handler.go:38.20,40.56 2 0
github.com/yakult1995/go-posgre-restapi/app/handler.go:43.3,43.9 1 0
github.com/yakult1995/go-posgre-restapi/app/handler.go:40.56,41.14 1 0
github.com/yakult1995/go-posgre-restapi/app/handler.go:48.16,49.13 1 0
github.com/yakult1995/go-posgre-restapi/app/handler.go:53.18,55.104 2 0
github.com/yakult1995/go-posgre-restapi/app/handler.go:58.3,58.30 1 0
github.com/yakult1995/go-posgre-restapi/app/handler.go:55.104,56.14 1 0
github.com/yakult1995/go-posgre-restapi/app/handler.go:60.37,61.13 1 0
github.com/yakult1995/go-posgre-restapi/app/handler.go:66.57,67.13 1 0
github.com/yakult1995/go-posgre-restapi/app/handler.go:72.78,77.62 3 0
github.com/yakult1995/go-posgre-restapi/app/handler.go:84.2,87.16 3 0
github.com/yakult1995/go-posgre-restapi/app/handler.go:103.2,105.56 3 0
github.com/yakult1995/go-posgre-restapi/app/handler.go:77.62,81.3 3 0
github.com/yakult1995/go-posgre-restapi/app/handler.go:87.16,89.27 1 0
github.com/yakult1995/go-posgre-restapi/app/handler.go:100.3,100.9 1 0
github.com/yakult1995/go-posgre-restapi/app/handler.go:89.27,94.57 5 0
github.com/yakult1995/go-posgre-restapi/app/handler.go:94.57,95.15 1 0
github.com/yakult1995/go-posgre-restapi/app/handler.go:97.9,98.14 1 0
github.com/yakult1995/go-posgre-restapi/app/handler.go:105.56,106.13 1 0
github.com/yakult1995/go-posgre-restapi/app/handler.go:111.78,117.16 5 0
github.com/yakult1995/go-posgre-restapi/app/handler.go:133.2,135.56 3 0
github.com/yakult1995/go-posgre-restapi/app/handler.go:117.16,119.27 1 0
github.com/yakult1995/go-posgre-restapi/app/handler.go:130.3,130.9 1 0
github.com/yakult1995/go-posgre-restapi/app/handler.go:119.27,124.57 5 0
github.com/yakult1995/go-posgre-restapi/app/handler.go:124.57,125.15 1 0
github.com/yakult1995/go-posgre-restapi/app/handler.go:127.9,128.14 1 0
github.com/yakult1995/go-posgre-restapi/app/handler.go:135.56,136.13 1 0
github.com/yakult1995/go-posgre-restapi/app/handler.go:142.78,144.62 2 0
github.com/yakult1995/go-posgre-restapi/app/handler.go:151.2,152.16 2 0
github.com/yakult1995/go-posgre-restapi/app/handler.go:157.2,162.56 4 0
github.com/yakult1995/go-posgre-restapi/app/handler.go:144.62,148.3 3 0
github.com/yakult1995/go-posgre-restapi/app/handler.go:152.16,153.13 1 0
github.com/yakult1995/go-posgre-restapi/app/handler.go:162.56,163.13 1 0
github.com/yakult1995/go-posgre-restapi/app/handler.go:168.78,174.2 4 0
github.com/yakult1995/go-posgre-restapi/app/main.go:15.13,35.16 11 0
github.com/yakult1995/go-posgre-restapi/app/main.go:35.16,37.3 1 0
github.com/yakult1995/go-posgre-restapi/app/main.go:40.109,45.16 4 0
github.com/yakult1995/go-posgre-restapi/app/main.go:49.2,49.33 1 0
github.com/yakult1995/go-posgre-restapi/app/main.go:45.16,47.3 1 0
github.com/yakult1995/go-posgre-restapi/app/main.go:49.33,51.3 1 0
github.com/yakult1995/go-posgre-restapi/app/main.go:54.40,56.16 2 1
github.com/yakult1995/go-posgre-restapi/app/main.go:59.2,60.13 2 1
github.com/yakult1995/go-posgre-restapi/app/main.go:56.16,57.13 1 0
github.com/yakult1995/go-posgre-restapi/app/main.go:63.34,65.13 2 0
github.com/yakult1995/go-posgre-restapi/app/main.go:68.2,68.10 1 0
github.com/yakult1995/go-posgre-restapi/app/main.go:65.13,67.3 1 0
